  main.cpp
C:\Users\ipnnr\source\repos\calc\calc\stack.h(36,6): error C2365: 'mystack<T>::size': redefinition; previous definition was 'data member'
C:\Users\ipnnr\source\repos\calc\calc\stack.h(7): message : see declaration of 'mystack<T>::size'
C:\Users\ipnnr\source\repos\calc\calc\stack.h(47): message : see reference to class template instantiation 'mystack<T>' being compiled
C:\Users\ipnnr\source\repos\calc\calc\stack.h(37,3): error C2059: syntax error: 'return'
C:\Users\ipnnr\source\repos\calc\calc\stack.h(37,1): error C2238: unexpected token(s) preceding ';'
C:\Users\ipnnr\source\repos\calc\calc\stack.h(39,2): error C2146: syntax error: missing ';' before identifier 'T'
C:\Users\ipnnr\source\repos\calc\calc\queue.h(31,6): error C2365: 'myqueue<T>::size': redefinition; previous definition was 'data member'
C:\Users\ipnnr\source\repos\calc\calc\queue.h(7): message : see declaration of 'myqueue<T>::size'
C:\Users\ipnnr\source\repos\calc\calc\queue.h(43): message : see reference to class template instantiation 'myqueue<T>' being compiled
C:\Users\ipnnr\source\repos\calc\calc\queue.h(32,3): error C2059: syntax error: 'return'
C:\Users\ipnnr\source\repos\calc\calc\queue.h(32,1): error C2238: unexpected token(s) preceding ';'
C:\Users\ipnnr\source\repos\calc\calc\queue.h(34,2): error C2144: syntax error: 'void' should be preceded by ';'
C:\Users\ipnnr\source\repos\calc\calc\queue.h(31,1): error C2207: 'myqueue<T>::size': a member of a class template cannot acquire a function type
C:\Users\ipnnr\source\repos\calc\calc\lexema.h(42): message : see reference to class template instantiation 'myqueue<Lexema>' being compiled
C:\Users\ipnnr\source\repos\calc\calc\queue.h(31,6): error C2365: 'myqueue<Lexema>::size': redefinition; previous definition was 'data member'
C:\Users\ipnnr\source\repos\calc\calc\queue.h(7): message : see declaration of 'myqueue<Lexema>::size'
C:\Users\ipnnr\source\repos\calc\calc\lexema.h(61,21): warning C4267: '=': conversion from 'size_t' to 'int', possible loss of data
C:\Users\ipnnr\source\repos\calc\calc\lexema.h(65,9): error C2039: 'push': is not a member of 'myqueue<Lexema>'
C:\Users\ipnnr\source\repos\calc\calc\lexema.h(42): message : see declaration of 'myqueue<Lexema>'
C:\Users\ipnnr\source\repos\calc\calc\lexema.h(76,21): warning C4267: '=': conversion from 'size_t' to 'int', possible loss of data
C:\Users\ipnnr\source\repos\calc\calc\lexema.h(79,9): error C2039: 'push': is not a member of 'myqueue<Lexema>'
C:\Users\ipnnr\source\repos\calc\calc\lexema.h(42): message : see declaration of 'myqueue<Lexema>'
C:\Users\ipnnr\source\repos\calc\calc\lexema.h(82,9): error C2039: 'push': is not a member of 'myqueue<Lexema>'
C:\Users\ipnnr\source\repos\calc\calc\lexema.h(42): message : see declaration of 'myqueue<Lexema>'
C:\Users\ipnnr\source\repos\calc\calc\lexema.h(86,22): warning C4267: '=': conversion from 'size_t' to 'int', possible loss of data
C:\Users\ipnnr\source\repos\calc\calc\lexema.h(89,9): error C2039: 'push': is not a member of 'myqueue<Lexema>'
C:\Users\ipnnr\source\repos\calc\calc\lexema.h(42): message : see declaration of 'myqueue<Lexema>'
C:\Users\ipnnr\source\repos\calc\calc\lexema.h(101,13): error C2679: binary '<<': no operator found which takes a right-hand operand of type 'T' (or there is no acceptable conversion)
          with
          [
              T=Lexema
          ]
C:\Program Files\Microsoft Visual Studio\2022\Community\VC\Tools\MSVC\14.33.31629\include\ostream(475,39): message : could be 'std::basic_ostream<char,std::char_traits<char>> &std::basic_ostream<char,std::char_traits<char>>::operator <<(std::basic_streambuf<char,std::char_traits<char>> *)'
C:\Program Files\Microsoft Visual Studio\2022\Community\VC\Tools\MSVC\14.33.31629\include\ostream(443,39): message : or       'std::basic_ostream<char,std::char_traits<char>> &std::basic_ostream<char,std::char_traits<char>>::operator <<(const void *)'
C:\Program Files\Microsoft Visual Studio\2022\Community\VC\Tools\MSVC\14.33.31629\include\ostream(425,39): message : or       'std::basic_ostream<char,std::char_traits<char>> &std::basic_ostream<char,std::char_traits<char>>::operator <<(long double)'
C:\Program Files\Microsoft Visual Studio\2022\Community\VC\Tools\MSVC\14.33.31629\include\ostream(407,39): message : or       'std::basic_ostream<char,std::char_traits<char>> &std::basic_ostream<char,std::char_traits<char>>::operator <<(double)'
C:\Program Files\Microsoft Visual Studio\2022\Community\VC\Tools\MSVC\14.33.31629\include\ostream(389,39): message : or       'std::basic_ostream<char,std::char_traits<char>> &std::basic_ostream<char,std::char_traits<char>>::operator <<(float)'
C:\Program Files\Microsoft Visual Studio\2022\Community\VC\Tools\MSVC\14.33.31629\include\ostream(371,39): message : or       'std::basic_ostream<char,std::char_traits<char>> &std::basic_ostream<char,std::char_traits<char>>::operator <<(unsigned __int64)'
C:\Program Files\Microsoft Visual Studio\2022\Community\VC\Tools\MSVC\14.33.31629\include\ostream(353,39): message : or       'std::basic_ostream<char,std::char_traits<char>> &std::basic_ostream<char,std::char_traits<char>>::operator <<(__int64)'
C:\Program Files\Microsoft Visual Studio\2022\Community\VC\Tools\MSVC\14.33.31629\include\ostream(335,39): message : or       'std::basic_ostream<char,std::char_traits<char>> &std::basic_ostream<char,std::char_traits<char>>::operator <<(unsigned long)'
C:\Program Files\Microsoft Visual Studio\2022\Community\VC\Tools\MSVC\14.33.31629\include\ostream(317,39): message : or       'std::basic_ostream<char,std::char_traits<char>> &std::basic_ostream<char,std::char_traits<char>>::operator <<(long)'
C:\Program Files\Microsoft Visual Studio\2022\Community\VC\Tools\MSVC\14.33.31629\include\ostream(298,39): message : or       'std::basic_ostream<char,std::char_traits<char>> &std::basic_ostream<char,std::char_traits<char>>::operator <<(unsigned int)'
C:\Program Files\Microsoft Visual Studio\2022\Community\VC\Tools\MSVC\14.33.31629\include\ostream(272,39): message : or       'std::basic_ostream<char,std::char_traits<char>> &std::basic_ostream<char,std::char_traits<char>>::operator <<(int)'
C:\Program Files\Microsoft Visual Studio\2022\Community\VC\Tools\MSVC\14.33.31629\include\ostream(253,39): message : or       'std::basic_ostream<char,std::char_traits<char>> &std::basic_ostream<char,std::char_traits<char>>::operator <<(unsigned short)'
C:\Program Files\Microsoft Visual Studio\2022\Community\VC\Tools\MSVC\14.33.31629\include\ostream(219,39): message : or       'std::basic_ostream<char,std::char_traits<char>> &std::basic_ostream<char,std::char_traits<char>>::operator <<(short)'
C:\Program Files\Microsoft Visual Studio\2022\Community\VC\Tools\MSVC\14.33.31629\include\ostream(201,39): message : or       'std::basic_ostream<char,std::char_traits<char>> &std::basic_ostream<char,std::char_traits<char>>::operator <<(bool)'
C:\Program Files\Microsoft Visual Studio\2022\Community\VC\Tools\MSVC\14.33.31629\include\ostream(195,39): message : or       'std::basic_ostream<char,std::char_traits<char>> &std::basic_ostream<char,std::char_traits<char>>::operator <<(std::ios_base &(__cdecl *)(std::ios_base &))'
C:\Program Files\Microsoft Visual Studio\2022\Community\VC\Tools\MSVC\14.33.31629\include\ostream(189,39): message : or       'std::basic_ostream<char,std::char_traits<char>> &std::basic_ostream<char,std::char_traits<char>>::operator <<(std::basic_ios<char,std::char_traits<char>> &(__cdecl *)(std::basic_ios<char,std::char_traits<char>> &))'
C:\Program Files\Microsoft Visual Studio\2022\Community\VC\Tools\MSVC\14.33.31629\include\ostream(184,39): message : or       'std::basic_ostream<char,std::char_traits<char>> &std::basic_ostream<char,std::char_traits<char>>::operator <<(std::basic_ostream<char,std::char_traits<char>> &(__cdecl *)(std::basic_ostream<char,std::char_traits<char>> &))'
C:\Users\ipnnr\source\repos\calc\calc\lexema.h(29,18): message : or       'std::ostream &operator <<(std::ostream &,Lexema &)' [found using argument-dependent lookup]
C:\Users\ipnnr\source\repos\calc\calc\lexema.h(101,13): message : while trying to match the argument list '(std::ostream, T)'
          with
          [
              T=Lexema
          ]
C:\Users\ipnnr\source\repos\calc\calc\lexema.h(102,5): error C2039: 'pop': is not a member of 'myqueue<Lexema>'
C:\Users\ipnnr\source\repos\calc\calc\lexema.h(42): message : see declaration of 'myqueue<Lexema>'
C:\Users\ipnnr\source\repos\calc\calc\stack.h(36,1): error C2207: 'mystack<T>::size': a member of a class template cannot acquire a function type
C:\Users\ipnnr\source\repos\calc\calc\polish.h(13): message : see reference to class template instantiation 'mystack<Lexema>' being compiled
C:\Users\ipnnr\source\repos\calc\calc\stack.h(36,6): error C2365: 'mystack<Lexema>::size': redefinition; previous definition was 'data member'
C:\Users\ipnnr\source\repos\calc\calc\stack.h(7): message : see declaration of 'mystack<Lexema>::size'
C:\Users\ipnnr\source\repos\calc\calc\polish.h(19,5): error C2039: 'pop': is not a member of 'myqueue<Lexema>'
C:\Users\ipnnr\source\repos\calc\calc\lexema.h(42): message : see declaration of 'myqueue<Lexema>'
C:\Users\ipnnr\source\repos\calc\calc\polish.h(22,8): error C2039: 'push': is not a member of 'myqueue<Lexema>'
C:\Users\ipnnr\source\repos\calc\calc\lexema.h(42): message : see declaration of 'myqueue<Lexema>'
C:\Users\ipnnr\source\repos\calc\calc\polish.h(34,16): error C2039: 'top': is not a member of 'mystack<Lexema>'
C:\Users\ipnnr\source\repos\calc\calc\polish.h(13): message : see declaration of 'mystack<Lexema>'
C:\Users\ipnnr\source\repos\calc\calc\polish.h(34,55): error C2039: 'top': is not a member of 'mystack<Lexema>'
C:\Users\ipnnr\source\repos\calc\calc\polish.h(13): message : see declaration of 'mystack<Lexema>'
C:\Users\ipnnr\source\repos\calc\calc\polish.h(34,80): error C2039: 'push': is not a member of 'myqueue<Lexema>'
C:\Users\ipnnr\source\repos\calc\calc\lexema.h(42): message : see declaration of 'myqueue<Lexema>'
C:\Users\ipnnr\source\repos\calc\calc\polish.h(34,89): error C2039: 'top': is not a member of 'mystack<Lexema>'
C:\Users\ipnnr\source\repos\calc\calc\polish.h(13): message : see declaration of 'mystack<Lexema>'
C:\Users\ipnnr\source\repos\calc\calc\polish.h(39,36): error C2039: 'top': is not a member of 'mystack<Lexema>'
C:\Users\ipnnr\source\repos\calc\calc\polish.h(13): message : see declaration of 'mystack<Lexema>'
C:\Users\ipnnr\source\repos\calc\calc\polish.h(40,21): error C2039: 'top': is not a member of 'mystack<Lexema>'
C:\Users\ipnnr\source\repos\calc\calc\polish.h(13): message : see declaration of 'mystack<Lexema>'
C:\Users\ipnnr\source\repos\calc\calc\polish.h(41,12): error C2039: 'push': is not a member of 'myqueue<Lexema>'
C:\Users\ipnnr\source\repos\calc\calc\lexema.h(42): message : see declaration of 'myqueue<Lexema>'
C:\Users\ipnnr\source\repos\calc\calc\polish.h(41,21): error C2039: 'top': is not a member of 'mystack<Lexema>'
C:\Users\ipnnr\source\repos\calc\calc\polish.h(13): message : see declaration of 'mystack<Lexema>'
C:\Users\ipnnr\source\repos\calc\calc\polish.h(48,37): error C2039: 'top': is not a member of 'mystack<Lexema>'
C:\Users\ipnnr\source\repos\calc\calc\polish.h(13): message : see declaration of 'mystack<Lexema>'
C:\Users\ipnnr\source\repos\calc\calc\polish.h(48,69): error C2039: 'top': is not a member of 'mystack<Lexema>'
C:\Users\ipnnr\source\repos\calc\calc\polish.h(13): message : see declaration of 'mystack<Lexema>'
C:\Users\ipnnr\source\repos\calc\calc\polish.h(48,100): error C2039: 'top': is not a member of 'mystack<Lexema>'
C:\Users\ipnnr\source\repos\calc\calc\polish.h(13): message : see declaration of 'mystack<Lexema>'
C:\Users\ipnnr\source\repos\calc\calc\polish.h(48,129): error C2039: 'top': is not a member of 'mystack<Lexema>'
C:\Users\ipnnr\source\repos\calc\calc\polish.h(13): message : see declaration of 'mystack<Lexema>'
C:\Users\ipnnr\source\repos\calc\calc\polish.h(49,21): error C2039: 'top': is not a member of 'mystack<Lexema>'
C:\Users\ipnnr\source\repos\calc\calc\polish.h(13): message : see declaration of 'mystack<Lexema>'
C:\Users\ipnnr\source\repos\calc\calc\polish.h(50,11): error C2039: 'push': is not a member of 'myqueue<Lexema>'
C:\Users\ipnnr\source\repos\calc\calc\lexema.h(42): message : see declaration of 'myqueue<Lexema>'
C:\Users\ipnnr\source\repos\calc\calc\polish.h(50,20): error C2039: 'top': is not a member of 'mystack<Lexema>'
C:\Users\ipnnr\source\repos\calc\calc\polish.h(13): message : see declaration of 'mystack<Lexema>'
C:\Users\ipnnr\source\repos\calc\calc\polish.h(56,37): error C2039: 'top': is not a member of 'mystack<Lexema>'
C:\Users\ipnnr\source\repos\calc\calc\polish.h(13): message : see declaration of 'mystack<Lexema>'
C:\Users\ipnnr\source\repos\calc\calc\polish.h(56,69): error C2039: 'top': is not a member of 'mystack<Lexema>'
C:\Users\ipnnr\source\repos\calc\calc\polish.h(13): message : see declaration of 'mystack<Lexema>'
C:\Users\ipnnr\source\repos\calc\calc\polish.h(56,100): error C2039: 'top': is not a member of 'mystack<Lexema>'
C:\Users\ipnnr\source\repos\calc\calc\polish.h(13): message : see declaration of 'mystack<Lexema>'
C:\Users\ipnnr\source\repos\calc\calc\polish.h(56,131): error C2039: 'top': is not a member of 'mystack<Lexema>'
C:\Users\ipnnr\source\repos\calc\calc\polish.h(13): message : see declaration of 'mystack<Lexema>'
C:\Users\ipnnr\source\repos\calc\calc\polish.h(56,162): error C2039: 'top': is not a member of 'mystack<Lexema>'
C:\Users\ipnnr\source\repos\calc\calc\polish.h(13): message : see declaration of 'mystack<Lexema>'
C:\Users\ipnnr\source\repos\calc\calc\polish.h(56,193): error C2039: 'top': is not a member of 'mystack<Lexema>'
C:\Users\ipnnr\source\repos\calc\calc\polish.h(13): message : see declaration of 'mystack<Lexema>'
C:\Users\ipnnr\source\repos\calc\calc\polish.h(57,21): error C2039: 'top': is not a member of 'mystack<Lexema>'
C:\Users\ipnnr\source\repos\calc\calc\polish.h(13): message : see declaration of 'mystack<Lexema>'
C:\Users\ipnnr\source\repos\calc\calc\polish.h(58,11): error C2039: 'push': is not a member of 'myqueue<Lexema>'
C:\Users\ipnnr\source\repos\calc\calc\lexema.h(42): message : see declaration of 'myqueue<Lexema>'
C:\Users\ipnnr\source\repos\calc\calc\polish.h(58,20): error C2039: 'top': is not a member of 'mystack<Lexema>'
C:\Users\ipnnr\source\repos\calc\calc\polish.h(13): message : see declaration of 'mystack<Lexema>'
C:\Users\ipnnr\source\repos\calc\calc\polish.h(67,17): error C2039: 'top': is not a member of 'mystack<Lexema>'
C:\Users\ipnnr\source\repos\calc\calc\polish.h(13): message : see declaration of 'mystack<Lexema>'
C:\Users\ipnnr\source\repos\calc\calc\polish.h(68,7): error C2039: 'push': is not a member of 'myqueue<Lexema>'
C:\Users\ipnnr\source\repos\calc\calc\lexema.h(42): message : see declaration of 'myqueue<Lexema>'
C:\Users\ipnnr\source\repos\calc\calc\polish.h(68,16): error C2039: 'top': is not a member of 'mystack<Lexema>'
C:\Users\ipnnr\source\repos\calc\calc\polish.h(13): message : see declaration of 'mystack<Lexema>'
C:\Users\ipnnr\source\repos\calc\calc\stack.h(36,6): error C2365: 'mystack<double>::size': redefinition; previous definition was 'data member'
C:\Users\ipnnr\source\repos\calc\calc\stack.h(7): message : see declaration of 'mystack<double>::size'
C:\Users\ipnnr\source\repos\calc\calc\polish.h(74,12): error C2248: 'myqueue<Lexema>::size': cannot access private member declared in class 'myqueue<Lexema>'
C:\Users\ipnnr\source\repos\calc\calc\queue.h(7): message : see declaration of 'myqueue<Lexema>::size'
C:\Users\ipnnr\source\repos\calc\calc\lexema.h(42): message : see declaration of 'myqueue<Lexema>'
C:\Users\ipnnr\source\repos\calc\calc\polish.h(74,12): error C2064: term does not evaluate to a function taking 0 arguments
C:\Users\ipnnr\source\repos\calc\calc\polish.h(80,25): error C2039: 'top': is not a member of 'mystack<double>'
C:\Users\ipnnr\source\repos\calc\calc\polish.h(73): message : see declaration of 'mystack<double>'
C:\Users\ipnnr\source\repos\calc\calc\polish.h(86,26): error C2039: 'top': is not a member of 'mystack<double>'
C:\Users\ipnnr\source\repos\calc\calc\polish.h(73): message : see declaration of 'mystack<double>'
C:\Users\ipnnr\source\repos\calc\calc\polish.h(88,26): error C2039: 'top': is not a member of 'mystack<double>'
C:\Users\ipnnr\source\repos\calc\calc\polish.h(73): message : see declaration of 'mystack<double>'
C:\Users\ipnnr\source\repos\calc\calc\polish.h(93,26): error C2039: 'top': is not a member of 'mystack<double>'
C:\Users\ipnnr\source\repos\calc\calc\polish.h(73): message : see declaration of 'mystack<double>'
C:\Users\ipnnr\source\repos\calc\calc\polish.h(95,26): error C2039: 'top': is not a member of 'mystack<double>'
C:\Users\ipnnr\source\repos\calc\calc\polish.h(73): message : see declaration of 'mystack<double>'
C:\Users\ipnnr\source\repos\calc\calc\polish.h(108,26): error C2039: 'top': is not a member of 'mystack<double>'
C:\Users\ipnnr\source\repos\calc\calc\polish.h(73): message : see declaration of 'mystack<double>'
C:\Users\ipnnr\source\repos\calc\calc\polish.h(110,26): error C2039: 'top': is not a member of 'mystack<double>'
C:\Users\ipnnr\source\repos\calc\calc\polish.h(73): message : see declaration of 'mystack<double>'
C:\Users\ipnnr\source\repos\calc\calc\polish.h(115,26): error C2039: 'top': is not a member of 'mystack<double>'
C:\Users\ipnnr\source\repos\calc\calc\polish.h(73): message : see declaration of 'mystack<double>'
C:\Users\ipnnr\source\repos\calc\calc\polish.h(117,26): error C2039: 'top': is not a member of 'mystack<double>'
C:\Users\ipnnr\source\repos\calc\calc\polish.h(73): message : see declaration of 'mystack<double>'
C:\Users\ipnnr\source\repos\calc\calc\polish.h(122,26): error C2039: 'top': is not a member of 'mystack<double>'
C:\Users\ipnnr\source\repos\calc\calc\polish.h(73): message : see declaration of 'mystack<double>'
C:\Users\ipnnr\source\repos\calc\calc\polish.h(124,26): error C2039: 'top': is not a member of 'mystack<double>'
C:\Users\ipnnr\source\repos\calc\calc\polish.h(73): message : see declaration of 'mystack<double>'
C:\Users\ipnnr\source\repos\calc\calc\polish.h(130,7): error C2039: 'pop': is not a member of 'myqueue<Lexema>'
C:\Users\ipnnr\source\repos\calc\calc\lexema.h(42): message : see declaration of 'myqueue<Lexema>'
C:\Users\ipnnr\source\repos\calc\calc\polish.h(132,21): error C2039: 'top': is not a member of 'mystack<double>'
C:\Users\ipnnr\source\repos\calc\calc\polish.h(73): message : see declaration of 'mystack<double>'
